# JRE version: Java(TM) SE Runtime Environment (24.0+36) (build 24+36-3646)
# Java VM: Java HotSpot(TM) 64-Bit Server VM (24+36-3646, mixed mode, emulated-client, sharing, tiered, compressed oops, compressed class ptrs, g1 gc, windows-amd64)
GC Precious Log:
 CardTable entry size: 512
 Card Set container configuration: InlinePtr #cards 5 size 8 Array Of Cards #cards 10 size 36 Howl #buckets 4 coarsen threshold 1843 Howl Bitmap #cards 512 size 80 coarsen threshold 460 Card regions per heap region 1 cards per card region 2048
 CPUs: 4 total, 4 available
 Memory: 7894M
 Large Page Support: Disabled
 NUMA Support: Disabled
 Compressed Oops: Enabled (32-bit)
 Heap Region Size: 1M
 Heap Min Capacity: 8M
 Heap Initial Capacity: 124M
 Heap Max Capacity: 1974M
 Pre-touch: Disabled
 Parallel Workers: 4
 Concurrent Workers: 1
 Concurrent Refinement Workers: 4
 Periodic GC: Disabled
Heap:
 garbage-first heap   total reserved 2021376K, committed 70656K, used 37040K [0x0000000084a00000, 0x0000000100000000)
  region size 1024K, 7 young (7168K), 2 survivors (2048K)
 Metaspace       used 65394K, committed 66048K, reserved 1114112K
  class space    used 7409K, committed 7680K, reserved 1048576K
GC Heap History (20 events):
Event: 2.425 GC heap before
{Heap before GC invocations=4 (full 0):
 garbage-first heap   total reserved 2021376K, committed 58368K, used 43987K [0x0000000084a00000, 0x0000000100000000)
  region size 1024K, 34 young (34816K), 6 survivors (6144K)
 Metaspace       used 24338K, committed 24640K, reserved 1114112K
  class space    used 2675K, committed 2816K, reserved 1048576K
}
Event: 2.432 GC heap after
{Heap after GC invocations=5 (full 0):
 garbage-first heap   total reserved 2021376K, committed 58368K, used 17215K [0x0000000084a00000, 0x0000000100000000)
  region size 1024K, 4 young (4096K), 4 survivors (4096K)
 Metaspace       used 24338K, committed 24640K, reserved 1114112K
  class space    used 2675K, committed 2816K, reserved 1048576K
}
Event: 2.830 GC heap before
{Heap before GC invocations=5 (full 0):
 garbage-first heap   total reserved 2021376K, committed 58368K, used 41791K [0x0000000084a00000, 0x0000000100000000)
  region size 1024K, 28 young (28672K), 4 survivors (4096K)
 Metaspace       used 27899K, committed 28352K, reserved 1114112K
  class space    used 3129K, committed 3328K, reserved 1048576K
}
Event: 2.836 GC heap after
{Heap after GC invocations=6 (full 0):
 garbage-first heap   total reserved 2021376K, committed 58368K, used 20109K [0x0000000084a00000, 0x0000000100000000)
  region size 1024K, 3 young (3072K), 3 survivors (3072K)
 Metaspace       used 27899K, committed 28352K, reserved 1114112K
  class space    used 3129K, committed 3328K, reserved 1048576K
}
Event: 3.230 GC heap before
{Heap before GC invocations=6 (full 0):
 garbage-first heap   total reserved 2021376K, committed 58368K, used 44685K [0x0000000084a00000, 0x0000000100000000)
  region size 1024K, 27 young (27648K), 3 survivors (3072K)
 Metaspace       used 31914K, committed 32384K, reserved 1114112K
  class space    used 3559K, committed 3776K, reserved 1048576K
}
Event: 3.234 GC heap after
{Heap after GC invocations=7 (full 0):
 garbage-first heap   total reserved 2021376K, committed 58368K, used 21589K [0x0000000084a00000, 0x0000000100000000)
  region size 1024K, 2 young (2048K), 2 survivors (2048K)
 Metaspace       used 31914K, committed 32384K, reserved 1114112K
  class space    used 3559K, committed 3776K, reserved 1048576K
}
Event: 3.509 GC heap before
{Heap before GC invocations=7 (full 0):
 garbage-first heap   total reserved 2021376K, committed 58368K, used 35925K [0x0000000084a00000, 0x0000000100000000)
  region size 1024K, 17 young (17408K), 2 survivors (2048K)
 Metaspace       used 35649K, committed 36096K, reserved 1114112K
  class space    used 4017K, committed 4224K, reserved 1048576K
}
Event: 3.512 GC heap after
{Heap after GC invocations=8 (full 0):
 garbage-first heap   total reserved 2021376K, committed 58368K, used 22303K [0x0000000084a00000, 0x0000000100000000)
  region size 1024K, 3 young (3072K), 3 survivors (3072K)
 Metaspace       used 35649K, committed 36096K, reserved 1114112K
  class space    used 4017K, committed 4224K, reserved 1048576K
}
Event: 4.013 GC heap before
{Heap before GC invocations=9 (full 0):
 garbage-first heap   total reserved 2021376K, committed 58368K, used 45855K [0x0000000084a00000, 0x0000000100000000)
  region size 1024K, 27 young (27648K), 3 survivors (3072K)
 Metaspace       used 42295K, committed 42688K, reserved 1114112K
  class space    used 4663K, committed 4800K, reserved 1048576K
}
Event: 4.021 GC heap after
{Heap after GC invocations=10 (full 0):
 garbage-first heap   total reserved 2021376K, committed 58368K, used 25011K [0x0000000084a00000, 0x0000000100000000)
  region size 1024K, 4 young (4096K), 4 survivors (4096K)
 Metaspace       used 42295K, committed 42688K, reserved 1114112K
  class space    used 4663K, committed 4800K, reserved 1048576K
}
Event: 4.466 GC heap before
{Heap before GC invocations=10 (full 0):
 garbage-first heap   total reserved 2021376K, committed 58368K, used 47539K [0x0000000084a00000, 0x0000000100000000)
  region size 1024K, 27 young (27648K), 4 survivors (4096K)
 Metaspace       used 49804K, committed 50240K, reserved 1114112K
  class space    used 5526K, committed 5696K, reserved 1048576K
}
Event: 4.470 GC heap after
{Heap after GC invocations=11 (full 0):
 garbage-first heap   total reserved 2021376K, committed 70656K, used 26175K [0x0000000084a00000, 0x0000000100000000)
  region size 1024K, 2 young (2048K), 2 survivors (2048K)
 Metaspace       used 49804K, committed 50240K, reserved 1114112K
  class space    used 5526K, committed 5696K, reserved 1048576K
}
Event: 4.916 GC heap before
{Heap before GC invocations=11 (full 0):
 garbage-first heap   total reserved 2021376K, committed 70656K, used 59967K [0x0000000084a00000, 0x0000000100000000)
  region size 1024K, 35 young (35840K), 2 survivors (2048K)
 Metaspace       used 56593K, committed 57152K, reserved 1114112K
  class space    used 6272K, committed 6528K, reserved 1048576K
}
Event: 4.920 GC heap after
{Heap after GC invocations=12 (full 0):
 garbage-first heap   total reserved 2021376K, committed 70656K, used 28302K [0x0000000084a00000, 0x0000000100000000)
  region size 1024K, 4 young (4096K), 4 survivors (4096K)
 Metaspace       used 56593K, committed 57152K, reserved 1114112K
  class space    used 6272K, committed 6528K, reserved 1048576K
}
Event: 9.771 GC heap before
{Heap before GC invocations=12 (full 0):
 garbage-first heap   total reserved 2021376K, committed 70656K, used 61070K [0x0000000084a00000, 0x0000000100000000)
  region size 1024K, 36 young (36864K), 4 survivors (4096K)
 Metaspace       used 60473K, committed 61056K, reserved 1114112K
  class space    used 6744K, committed 6976K, reserved 1048576K
}
Event: 9.779 GC heap after
{Heap after GC invocations=13 (full 0):
 garbage-first heap   total reserved 2021376K, committed 70656K, used 30947K [0x0000000084a00000, 0x0000000100000000)
  region size 1024K, 5 young (5120K), 5 survivors (5120K)
 Metaspace       used 60473K, committed 61056K, reserved 1114112K
  class space    used 6744K, committed 6976K, reserved 1048576K
}
Event: 9.780 GC heap before
{Heap before GC invocations=13 (full 0):
 garbage-first heap   total reserved 2021376K, committed 70656K, used 30947K [0x0000000084a00000, 0x0000000100000000)
  region size 1024K, 6 young (6144K), 5 survivors (5120K)
 Metaspace       used 60482K, committed 61056K, reserved 1114112K
  class space    used 6746K, committed 6976K, reserved 1048576K
}
Event: 9.785 GC heap after
{Heap after GC invocations=14 (full 0):
 garbage-first heap   total reserved 2021376K, committed 70656K, used 31906K [0x0000000084a00000, 0x0000000100000000)
  region size 1024K, 1 young (1024K), 1 survivors (1024K)
 Metaspace       used 60482K, committed 61056K, reserved 1114112K
  class space    used 6746K, committed 6976K, reserved 1048576K
}
Event: 269.215 GC heap before
{Heap before GC invocations=15 (full 0):
 garbage-first heap   total reserved 2021376K, committed 70656K, used 61602K [0x0000000084a00000, 0x0000000100000000)
  region size 1024K, 31 young (31744K), 1 survivors (1024K)
 Metaspace       used 65161K, committed 65856K, reserved 1114112K
  class space    used 7375K, committed 7680K, reserved 1048576K
}
Event: 269.218 GC heap after
{Heap after GC invocations=16 (full 0):
 garbage-first heap   total reserved 2021376K, committed 70656K, used 32944K [0x0000000084a00000, 0x0000000100000000)
  region size 1024K, 2 young (2048K), 2 survivors (2048K)
 Metaspace       used 65161K, committed 65856K, reserved 1114112K
  class space    used 7375K, committed 7680K, reserved 1048576K
}

